OSS-Project-main/OSS-project_app/app/build/intermediates/manifest_merge_blame_file/debug/manifest-merger-blame-debug-report.txt
1<?xml version="1.0" encoding="utf-8"?>
2<manifest xmlns:android="http://schemas.android.com/apk/res/android"
3    package="com.example.practice_app"
4    android:versionCode="1"
5    android:versionName="1.0" >
6
7    <uses-sdk
8        android:minSdkVersion="21"
8-->src\main\AndroidManifest.xml
9        android:targetSdkVersion="32" />
9-->src\main\AndroidManifest.xml
10
11    <application
11-->src\main\AndroidManifest.xml:5:5-108:19
12        android:allowBackup="true"
12-->src\main\AndroidManifest.xml:6:9-35
13        android:appComponentFactory="androidx.core.app.CoreComponentFactory"
13-->[androidx.core:core:1.7.0] AndroidManifest.xml:24:18-86
14        android:debuggable="true"
15        android:icon="@mipmap/ic_launcher"
15-->src\main\AndroidManifest.xml:7:9-43
16        android:label="@string/app_name"
16-->src\main\AndroidManifest.xml:8:9-41
17        android:roundIcon="@mipmap/ic_launcher_round"
17-->src\main\AndroidManifest.xml:9:9-54
18        android:supportsRtl="true"
18-->src\main\AndroidManifest.xml:10:9-35
19        android:testOnly="true"
20        android:theme="@style/Theme.Practice_app" >
20-->src\main\AndroidManifest.xml:11:9-50
21        <activity
21-->src\main\AndroidManifest.xml:13:9-21:20
22            android:name="com.example.practice_app.MainActivity"
22-->src\main\AndroidManifest.xml:14:13-41
23            android:exported="true" >
23-->src\main\AndroidManifest.xml:15:13-36
24            <intent-filter>
24-->src\main\AndroidManifest.xml:16:13-20:29
25                <action android:name="android.intent.action.MAIN" />
25-->src\main\AndroidManifest.xml:17:17-69
25-->src\main\AndroidManifest.xml:17:25-66
26
27                <category android:name="android.intent.category.LAUNCHER" />
27-->src\main\AndroidManifest.xml:19:17-77
27-->src\main\AndroidManifest.xml:19:27-74
28            </intent-filter>
29/>
30        </activity>
31        <activity
31-->src\main\AndroidManifest.xml:23:9-26:20
32            android:name="com.example.practice_app.testActivity"
32-->src\main\AndroidManifest.xml:24:13-41
33            android:exported="true" >
33-->src\main\AndroidManifest.xml:25:13-36
34        </activity>
35        <activity
35-->src\main\AndroidManifest.xml:28:9-31:20
36            android:name="com.example.practice_app.istj_des"
36-->src\main\AndroidManifest.xml:29:13-37
37            android:exported="true" >
37-->src\main\AndroidManifest.xml:30:13-36
38        </activity>
39        <activity
39-->src\main\AndroidManifest.xml:33:9-36:20
40            android:name="com.example.practice_app.istp_des"
40-->src\main\AndroidManifest.xml:34:13-37
41            android:exported="true" >
41-->src\main\AndroidManifest.xml:35:13-36
42        </activity>
43        <activity
43-->src\main\AndroidManifest.xml:38:9-41:20
44            android:name="com.example.practice_app.estj_des"
44-->src\main\AndroidManifest.xml:39:13-37
45            android:exported="true" >
45-->src\main\AndroidManifest.xml:40:13-36
46        </activity>
47        <activity
47-->src\main\AndroidManifest.xml:43:9-46:20
48            android:name="com.example.practice_app.estp_des"
48-->src\main\AndroidManifest.xml:44:13-37
49            android:exported="true" >
49-->src\main\AndroidManifest.xml:45:13-36
50        </activity>
51        <activity
51-->src\main\AndroidManifest.xml:48:9-51:20
52            android:name="com.example.practice_app.isfj_des"
52-->src\main\AndroidManifest.xml:49:13-37
53            android:exported="true" >
53-->src\main\AndroidManifest.xml:50:13-36
54        </activity>
55        <activity
55-->src\main\AndroidManifest.xml:53:9-56:20
56            android:name="com.example.practice_app.isfp_des"
56-->src\main\AndroidManifest.xml:54:13-37
57            android:exported="true" >
57-->src\main\AndroidManifest.xml:55:13-36
58        </activity>
59        <activity
59-->src\main\AndroidManifest.xml:58:9-61:20
60            android:name="com.example.practice_app.esfj_des"
60-->src\main\AndroidManifest.xml:59:13-37
61            android:exported="true" >
61-->src\main\AndroidManifest.xml:60:13-36
62        </activity>
63        <activity
63-->src\main\AndroidManifest.xml:63:9-66:20
64            android:name="com.example.practice_app.esfp_des"
64-->src\main\AndroidManifest.xml:64:13-37
65            android:exported="true" >
65-->src\main\AndroidManifest.xml:65:13-36
66        </activity>
67        <activity
67-->src\main\AndroidManifest.xml:68:9-71:20
68            android:name="com.example.practice_app.infj_des"
68-->src\main\AndroidManifest.xml:69:13-37
69            android:exported="true" >
69-->src\main\AndroidManifest.xml:70:13-36
70        </activity>
71        <activity
71-->src\main\AndroidManifest.xml:73:9-76:20
72            android:name="com.example.practice_app.infp_des"
72-->src\main\AndroidManifest.xml:74:13-37
73            android:exported="true" >
73-->src\main\AndroidManifest.xml:75:13-36
74        </activity>
75        <activity
75-->src\main\AndroidManifest.xml:78:9-81:20
76            android:name="com.example.practice_app.enfj_des"
76-->src\main\AndroidManifest.xml:79:13-37
77            android:exported="true" >
77-->src\main\AndroidManifest.xml:80:13-36
78        </activity>
79        <activity
79-->src\main\AndroidManifest.xml:83:9-86:20
80            android:name="com.example.practice_app.enfp_des"
80-->src\main\AndroidManifest.xml:84:13-37
81            android:exported="true" >
81-->src\main\AndroidManifest.xml:85:13-36
82        </activity>
83        <activity
83-->src\main\AndroidManifest.xml:88:9-91:20
84            android:name="com.example.practice_app.intj_des"
84-->src\main\AndroidManifest.xml:89:13-37
85            android:exported="true" >
85-->src\main\AndroidManifest.xml:90:13-36
86        </activity>
87        <activity
87-->src\main\AndroidManifest.xml:93:9-96:20
88            android:name="com.example.practice_app.intp_des"
88-->src\main\AndroidManifest.xml:94:13-37
89            android:exported="true" >
89-->src\main\AndroidManifest.xml:95:13-36
90        </activity>
91        <activity
91-->src\main\AndroidManifest.xml:98:9-101:20
92            android:name="com.example.practice_app.entj_des"
92-->src\main\AndroidManifest.xml:99:13-37
93            android:exported="true" >
93-->src\main\AndroidManifest.xml:100:13-36
94        </activity>
95        <activity
95-->src\main\AndroidManifest.xml:103:9-106:20
96            android:name="com.example.practice_app.entp_des"
96-->src\main\AndroidManifest.xml:104:13-37
97            android:exported="true" >
97-->src\main\AndroidManifest.xml:105:13-36
98        </activity>
99
100        <provider
100-->[androidx.emoji2:emoji2:1.0.0] AndroidManifest.xml:26:9-34:20
101            android:name="androidx.startup.InitializationProvider"
101-->[androidx.emoji2:emoji2:1.0.0] AndroidManifest.xml:27:13-67
102            android:authorities="com.example.practice_app.androidx-startup"
102-->[androidx.emoji2:emoji2:1.0.0] AndroidManifest.xml:28:13-68
103            android:exported="false" >
103-->[androidx.emoji2:emoji2:1.0.0] AndroidManifest.xml:29:13-37
104            <meta-data
104-->[androidx.emoji2:emoji2:1.0.0] AndroidManifest.xml:31:13-33:52
105                android:name="androidx.emoji2.text.EmojiCompatInitializer"
105-->[androidx.emoji2:emoji2:1.0.0] AndroidManifest.xml:32:17-75
106                android:value="androidx.startup" />
106-->[androidx.emoji2:emoji2:1.0.0] AndroidManifest.xml:33:17-49
107            <meta-data
107-->[androidx.lifecycle:lifecycle-process:2.4.0] AndroidManifest.xml:31:13-33:52
108                android:name="androidx.lifecycle.ProcessLifecycleInitializer"
108-->[androidx.lifecycle:lifecycle-process:2.4.0] AndroidManifest.xml:32:17-78
109                android:value="androidx.startup" />
109-->[androidx.lifecycle:lifecycle-process:2.4.0] AndroidManifest.xml:33:17-49
110        </provider>
111    </application>
112
113</manifest>